This is pdfTeX, Version 3.14159265-2.6-1.40.16 (TeX Live 2015) (preloaded format=pdflatex 2016.5.17)  12 DEC 2016 16:02
entering extended mode
 restricted \write18 enabled.
 file:line:error style messages enabled.
 %&-line parsing enabled.
**rapport.tex
(./rapport.tex
LaTeX2e <2015/01/01>
Babel <3.9l> and hyphenation patterns for 79 languages loaded.
(/usr/local/texlive/2015/texmf-dist/tex/latex/base/article.cls
Document Class: article 2014/09/29 v1.4h Standard LaTeX document class
(/usr/local/texlive/2015/texmf-dist/tex/latex/base/size11.clo
File: size11.clo 2014/09/29 v1.4h Standard LaTeX file (size option)
)
\c@part=\count79
\c@section=\count80
\c@subsection=\count81
\c@subsubsection=\count82
\c@paragraph=\count83
\c@subparagraph=\count84
\c@figure=\count85
\c@table=\count86
\abovecaptionskip=\skip41
\belowcaptionskip=\skip42
\bibindent=\dimen102
)
(/usr/local/texlive/2015/texmf-dist/tex/latex/geometry/geometry.sty
Package: geometry 2010/09/12 v5.6 Page Geometry

(/usr/local/texlive/2015/texmf-dist/tex/latex/graphics/keyval.sty
Package: keyval 2014/10/28 v1.15 key=value parser (DPC)
\KV@toks@=\toks14
)
(/usr/local/texlive/2015/texmf-dist/tex/generic/oberdiek/ifpdf.sty
Package: ifpdf 2011/01/30 v2.3 Provides the ifpdf switch (HO)
Package ifpdf Info: pdfTeX in PDF mode is detected.
)
(/usr/local/texlive/2015/texmf-dist/tex/generic/oberdiek/ifvtex.sty
Package: ifvtex 2010/03/01 v1.5 Detect VTeX and its facilities (HO)
Package ifvtex Info: VTeX not detected.
)
(/usr/local/texlive/2015/texmf-dist/tex/generic/ifxetex/ifxetex.sty
Package: ifxetex 2010/09/12 v0.6 Provides ifxetex conditional
)
\Gm@cnth=\count87
\Gm@cntv=\count88
\c@Gm@tempcnt=\count89
\Gm@bindingoffset=\dimen103
\Gm@wd@mp=\dimen104
\Gm@odd@mp=\dimen105
\Gm@even@mp=\dimen106
\Gm@layoutwidth=\dimen107
\Gm@layoutheight=\dimen108
\Gm@layouthoffset=\dimen109
\Gm@layoutvoffset=\dimen110
\Gm@dimlist=\toks15
)
(/usr/local/texlive/2015/texmf-dist/tex/generic/babel/babel.sty
Package: babel 2014/09/25 3.9l The Babel package

(/usr/local/texlive/2015/texmf-dist/tex/generic/babel-french/frenchb.ldf
Language: frenchb 2015/04/10 v3.1e French support from the babel system

(/usr/local/texlive/2015/texmf-dist/tex/generic/babel/babel.def
File: babel.def 2014/09/25 3.9l Babel common definitions
\babel@savecnt=\count90
\U@D=\dimen111
)
\l@acadian = a dialect from \language\l@french 
\l@canadien = a dialect from \language\l@french 
\FBcolonskip=\skip43
\FBthinskip=\skip44
\FB@interchartokenstateORI=\count91
Package babel Info: Making : an active character on input line 371.
Package babel Info: Making ; an active character on input line 372.
Package babel Info: Making ! an active character on input line 373.
Package babel Info: Making ? an active character on input line 374.
\FBguillskip=\skip45
\FBguill@level=\count92
\FB@Mht=\dimen112
\std@mcc=\count93
\dec@mcc=\count94
\listindentFB=\skip46
\labelwidthFB=\skip47
\leftmarginFB=\skip48
\parindentFFN=\dimen113
))
(/usr/local/texlive/2015/texmf-dist/tex/latex/carlisle/scalefnt.sty)
(/usr/local/texlive/2015/texmf-dist/tex/latex/base/inputenc.sty
Package: inputenc 2015/03/17 v1.2c Input encoding file
\inpenc@prehook=\toks16
\inpenc@posthook=\toks17

(/usr/local/texlive/2015/texmf-dist/tex/latex/base/latin1.def
File: latin1.def 2015/03/17 v1.2c Input encoding file
))
(/usr/local/texlive/2015/texmf-dist/tex/latex/graphics/graphicx.sty
Package: graphicx 2014/10/28 v1.0g Enhanced LaTeX Graphics (DPC,SPQR)

(/usr/local/texlive/2015/texmf-dist/tex/latex/graphics/graphics.sty
Package: graphics 2014/10/28 v1.0p Standard LaTeX Graphics (DPC,SPQR)

(/usr/local/texlive/2015/texmf-dist/tex/latex/graphics/trig.sty
Package: trig 1999/03/16 v1.09 sin cos tan (DPC)
)
(/usr/local/texlive/2015/texmf-dist/tex/latex/latexconfig/graphics.cfg
File: graphics.cfg 2010/04/23 v1.9 graphics configuration of TeX Live
)
Package graphics Info: Driver file: pdftex.def on input line 94.

(/usr/local/texlive/2015/texmf-dist/tex/latex/pdftex-def/pdftex.def
File: pdftex.def 2011/05/27 v0.06d Graphics/color for pdfTeX

(/usr/local/texlive/2015/texmf-dist/tex/generic/oberdiek/infwarerr.sty
Package: infwarerr 2010/04/08 v1.3 Providing info/warning/error messages (HO)
)
(/usr/local/texlive/2015/texmf-dist/tex/generic/oberdiek/ltxcmds.sty
Package: ltxcmds 2011/11/09 v1.22 LaTeX kernel commands for general use (HO)
)
\Gread@gobject=\count95
))
\Gin@req@height=\dimen114
\Gin@req@width=\dimen115
)
(/usr/local/texlive/2015/texmf-dist/tex/latex/subfig/subfig.sty
Package: subfig 2005/06/28 ver: 1.3 subfig package

(/usr/local/texlive/2015/texmf-dist/tex/latex/caption/caption.sty
Package: caption 2013/05/02 v3.3-89 Customizing captions (AR)

(/usr/local/texlive/2015/texmf-dist/tex/latex/caption/caption3.sty
Package: caption3 2013/05/02 v1.6-88 caption3 kernel (AR)
Package caption3 Info: TeX engine: e-TeX on input line 57.
\captionmargin=\dimen116
\captionmargin@=\dimen117
\captionwidth=\dimen118
\caption@tempdima=\dimen119
\caption@indent=\dimen120
\caption@parindent=\dimen121
\caption@hangindent=\dimen122
)
\c@ContinuedFloat=\count96
)
\c@KVtest=\count97
\sf@farskip=\skip49
\sf@captopadj=\dimen123
\sf@capskip=\skip50
\sf@nearskip=\skip51
\c@subfigure=\count98
\c@subfigure@save=\count99
\c@lofdepth=\count100
\c@subtable=\count101
\c@subtable@save=\count102
\c@lotdepth=\count103
\sf@top=\skip52
\sf@bottom=\skip53
)
(/usr/local/texlive/2015/texmf-dist/tex/latex/amsfonts/amssymb.sty
Package: amssymb 2013/01/14 v3.01 AMS font symbols

(/usr/local/texlive/2015/texmf-dist/tex/latex/amsfonts/amsfonts.sty
Package: amsfonts 2013/01/14 v3.01 Basic AMSFonts support
\@emptytoks=\toks18
\symAMSa=\mathgroup4
\symAMSb=\mathgroup5
LaTeX Font Info:    Overwriting math alphabet `\mathfrak' in version `bold'
(Font)                  U/euf/m/n --> U/euf/b/n on input line 106.
))
(/usr/local/texlive/2015/texmf-dist/tex/latex/oberdiek/epstopdf.sty
Package: epstopdf 2010/02/09 v2.5 Conversion with epstopdf on the fly (HO)

(/usr/local/texlive/2015/texmf-dist/tex/latex/oberdiek/epstopdf-base.sty
Package: epstopdf-base 2010/02/09 v2.5 Base part for package epstopdf

(/usr/local/texlive/2015/texmf-dist/tex/latex/oberdiek/grfext.sty
Package: grfext 2010/08/19 v1.1 Manage graphics extensions (HO)

(/usr/local/texlive/2015/texmf-dist/tex/generic/oberdiek/kvdefinekeys.sty
Package: kvdefinekeys 2011/04/07 v1.3 Define keys (HO)
))
(/usr/local/texlive/2015/texmf-dist/tex/latex/oberdiek/kvoptions.sty
Package: kvoptions 2011/06/30 v3.11 Key value format for package options (HO)

(/usr/local/texlive/2015/texmf-dist/tex/generic/oberdiek/kvsetkeys.sty
Package: kvsetkeys 2012/04/25 v1.16 Key value parser (HO)

(/usr/local/texlive/2015/texmf-dist/tex/generic/oberdiek/etexcmds.sty
Package: etexcmds 2011/02/16 v1.5 Avoid name clashes with e-TeX commands (HO)

(/usr/local/texlive/2015/texmf-dist/tex/generic/oberdiek/ifluatex.sty
Package: ifluatex 2010/03/01 v1.3 Provides the ifluatex switch (HO)
Package ifluatex Info: LuaTeX not detected.
)
Package etexcmds Info: Could not find \expanded.
(etexcmds)             That can mean that you are not using pdfTeX 1.50 or
(etexcmds)             that some package has redefined \expanded.
(etexcmds)             In the latter case, load this package earlier.
)))
(/usr/local/texlive/2015/texmf-dist/tex/generic/oberdiek/pdftexcmds.sty
Package: pdftexcmds 2011/11/29 v0.20 Utility functions of pdfTeX for LuaTeX (HO
)
Package pdftexcmds Info: LuaTeX not detected.
Package pdftexcmds Info: \pdf@primitive is available.
Package pdftexcmds Info: \pdf@ifprimitive is available.
Package pdftexcmds Info: \pdfdraftmode found.
)
Package grfext Info: Graphics extension search list:
(grfext)             [.png,.pdf,.jpg,.mps,.jpeg,.jbig2,.jb2,.PNG,.PDF,.JPG,.JPE
G,.JBIG2,.JB2,.eps]
(grfext)             \AppendGraphicsExtensions on input line 452.

(/usr/local/texlive/2015/texmf-dist/tex/latex/latexconfig/epstopdf-sys.cfg
File: epstopdf-sys.cfg 2010/07/13 v1.3 Configuration of (r)epstopdf for TeX Liv
e
)))
(/usr/local/texlive/2015/texmf-dist/tex/latex/minitoc/minitoc.sty
Package: minitoc 2008/07/16 v60 Package minitoc (JPFD)

(/usr/local/texlive/2015/texmf-dist/tex/latex/minitoc/mtcmess.sty
Package: mtcmess 2006/03/14
)
Package minitoc Info: I0001
(minitoc)             *** minitoc package, version 60 ***.
\tf@mtc=\write3
\mtcindent=\skip54
\mtcskipamount=\skip55
Package minitoc Info: I0005
(minitoc)             compatible with hyperref.
Package minitoc Info: I0023
(minitoc)             part level macros available.
Package minitoc Info: I0004
(minitoc)             chapter level macros NOT available.
Package minitoc Info: I0028
(minitoc)             section level macros available.
\mtc@toks=\toks19
\mtc@strutbox=\box26
\mtc@hstrutbox=\box27
Package minitoc Info: I0002
(minitoc)             Autoconfiguration of extensions.
\openout3 = `rapport.mtc0'.

\openout3 = `rapport.mtc'.


(./rapport.mtc0)
Package minitoc Info: I0012
(minitoc)             Long extensions (Unix-like) will be used.
Package minitoc Info: I0031
(minitoc)             ==> this version is configured for UNIX-like 
(minitoc)                 (long extensions) file names.
\openout3 = `rapport.mtc'.

\openout3 = `rapport.mtc0'.

\c@ptc=\count104
\c@parttocdepth=\count105
\ptcindent=\skip56
\c@stc=\count106
\c@secttocdepth=\count107
\stcindent=\skip57
Package minitoc Info: I0010
(minitoc)             The english language is selected.
(minitoc)              on input line 4910.

(/usr/local/texlive/2015/texmf-dist/tex/latex/minitoc/english.mld
File: english.mld 2006/01/13
)
(/usr/local/texlive/2015/texmf-dist/tex/latex/minitoc/english.mld
File: english.mld 2006/01/13
))
(./rapport.aux

LaTeX Warning: Label `accueil' multiply defined.


LaTeX Warning: Label `accueil' multiply defined.


LaTeX Warning: Label `sub@accueil' multiply defined.


LaTeX Warning: Label `dash' multiply defined.


LaTeX Warning: Label `sub@dash' multiply defined.


LaTeX Warning: Label `dash' multiply defined.


LaTeX Warning: Label `dash' multiply defined.


LaTeX Warning: Label `sub@dash' multiply defined.


LaTeX Warning: Label `dash' multiply defined.


LaTeX Warning: Label `Co' multiply defined.


LaTeX Warning: Label `sub@Co' multiply defined.


LaTeX Warning: Label `dash' multiply defined.


LaTeX Warning: Label `Co' multiply defined.


LaTeX Warning: Label `sub@Co' multiply defined.


LaTeX Warning: Label `dash' multiply defined.


LaTeX Warning: Label `sub@dash' multiply defined.


LaTeX Warning: Label `dash' multiply defined.


LaTeX Warning: Label `Co' multiply defined.


LaTeX Warning: Label `sub@Co' multiply defined.


LaTeX Warning: Label `dash' multiply defined.


LaTeX Warning: Label `sub@dash' multiply defined.


LaTeX Warning: Label `dash' multiply defined.


LaTeX Warning: Label `Co' multiply defined.


LaTeX Warning: Label `sub@Co' multiply defined.


LaTeX Warning: Label `dash' multiply defined.


LaTeX Warning: Label `sub@dash' multiply defined.


LaTeX Warning: Label `dash' multiply defined.


LaTeX Warning: Label `Co' multiply defined.


LaTeX Warning: Label `sub@Co' multiply defined.


LaTeX Warning: Label `dash' multiply defined.


LaTeX Warning: Label `sub@dash' multiply defined.


LaTeX Warning: Label `dash' multiply defined.

)
\openout1 = `rapport.aux'.

LaTeX Font Info:    Checking defaults for OML/cmm/m/it on input line 27.
LaTeX Font Info:    ... okay on input line 27.
LaTeX Font Info:    Checking defaults for T1/cmr/m/n on input line 27.
LaTeX Font Info:    ... okay on input line 27.
LaTeX Font Info:    Checking defaults for OT1/cmr/m/n on input line 27.
LaTeX Font Info:    ... okay on input line 27.
LaTeX Font Info:    Checking defaults for OMS/cmsy/m/n on input line 27.
LaTeX Font Info:    ... okay on input line 27.
LaTeX Font Info:    Checking defaults for OMX/cmex/m/n on input line 27.
LaTeX Font Info:    ... okay on input line 27.
LaTeX Font Info:    Checking defaults for U/cmr/m/n on input line 27.
LaTeX Font Info:    ... okay on input line 27.

*geometry* driver: auto-detecting
*geometry* detected driver: pdftex
*geometry* verbose mode - [ preamble ] result:
* driver: pdftex
* paper: letterpaper
* layout: <same size as paper>
* layoutoffset:(h,v)=(0.0pt,0.0pt)
* modes: 
* h-part:(L,W,R)=(42.67912pt, 528.93675pt, 42.67912pt)
* v-part:(T,H,B)=(42.67912pt, 709.61174pt, 42.67912pt)
* \paperwidth=614.295pt
* \paperheight=794.96999pt
* \textwidth=528.93675pt
* \textheight=709.61174pt
* \oddsidemargin=-29.59087pt
* \evensidemargin=-29.59087pt
* \topmargin=-66.59087pt
* \headheight=12.0pt
* \headsep=25.0pt
* \topskip=11.0pt
* \footskip=30.0pt
* \marginparwidth=59.0pt
* \marginparsep=10.0pt
* \columnsep=10.0pt
* \skip\footins=10.0pt plus 4.0pt minus 2.0pt
* \hoffset=0.0pt
* \voffset=0.0pt
* \mag=1000
* \@twocolumnfalse
* \@twosidefalse
* \@mparswitchfalse
* \@reversemarginfalse
* (1in=72.27pt=25.4mm, 1cm=28.453pt)

LaTeX Info: Redefining \degres on input line 27.
LaTeX Info: Redefining \dots on input line 27.
LaTeX Info: Redefining \up on input line 27.

Package frenchb.ldf Warning: OT1 encoding should not be used for French.
(frenchb.ldf)                Add \usepackage[T1]{fontenc} to the preamble
(frenchb.ldf)                of your document, on input line 27.

(/usr/local/texlive/2015/texmf-dist/tex/context/base/supp-pdf.mkii
[Loading MPS to PDF converter (version 2006.09.02).]
\scratchcounter=\count108
\scratchdimen=\dimen124
\scratchbox=\box28
\nofMPsegments=\count109
\nofMParguments=\count110
\everyMPshowfont=\toks20
\MPscratchCnt=\count111
\MPscratchDim=\dimen125
\MPnumerator=\count112
\makeMPintoPDFobject=\count113
\everyMPtoPDFconversion=\toks21
)
Package caption Info: Begin \AtBeginDocument code.
Package caption Info: subfig package v1.3 is loaded.
Package caption Info: End \AtBeginDocument code.
\c@minilofdepth=\count114
\c@minilotdepth=\count115
\c@partlofdepth=\count116
\c@partlotdepth=\count117
\c@sectlofdepth=\count118
\c@sectlotdepth=\count119
Package minitoc(hints) Info: I0049
(minitoc(hints))             ==> You requested the hints option. 
(minitoc(hints))             Some hints are eventually given below.
 <figures/logo_site.png, id=1, 413.545pt x 296.10625pt>
File: figures/logo_site.png Graphic file (type png)

<use figures/logo_site.png>
Package pdftex.def Info: figures/logo_site.png used on input line 31.
(pdftex.def)             Requested size: 206.77199pt x 148.05275pt.
LaTeX Font Info:    Try loading font information for U+msa on input line 31.

(/usr/local/texlive/2015/texmf-dist/tex/latex/amsfonts/umsa.fd
File: umsa.fd 2013/01/14 v3.01 AMS symbols A
)
LaTeX Font Info:    Try loading font information for U+msb on input line 31.

(/usr/local/texlive/2015/texmf-dist/tex/latex/amsfonts/umsb.fd
File: umsb.fd 2013/01/14 v3.01 AMS symbols B
) [1

{/usr/local/texlive/2015/texmf-var/fonts/map/pdftex/updmap/pdftex.map} <./figur
es/logo_site.png>] (./rapport.toc)
\tf@toc=\write4
\openout4 = `rapport.toc'.

Package minitoc Info: I0017
(minitoc)             \mtcsettitle redefines the macro 
(minitoc)             "stctitle" as 
(minitoc)             "Cas d'utilisations" on input line 34.
Package minitoc Info: I0026
(minitoc)             PREPARING SECTTOCS FROM rapport.toc on input line 37.
\tf@toc=\write5
\openout5 = `rapport.toc'.

 [2]
Underfull \hbox (badness 10000) in paragraph at lines 42--43

 []


Underfull \hbox (badness 10000) in paragraph at lines 44--58

 []


Underfull \hbox (badness 10000) in paragraph at lines 59--60

 []


Underfull \hbox (badness 10000) in paragraph at lines 61--62

 []


Underfull \hbox (badness 10000) in paragraph at lines 63--65

 []


Overfull \hbox (3.73907pt too wide) in paragraph at lines 68--70
[]\OT1/cmr/m/n/10 Nous com-men-ce-rons l'ana-lyse du pro-jet par les diff^^Sere
nts cas d'uti-li-sa-tion. Pour cha-cun d'entre eux nous pr^^Sesenterons
 []


Underfull \hbox (badness 10000) in paragraph at lines 68--70

 []


Underfull \hbox (badness 10000) in paragraph at lines 71--72

 []


Underfull \hbox (badness 10000) in paragraph at lines 73--75

 []


Underfull \hbox (badness 10000) in paragraph at lines 76--77

 []

[3]
Underfull \hbox (badness 10000) in paragraph at lines 88--89

 []

Package minitoc Info: I0006
(minitoc)             rapport.stc2 is empty on input line 91.

Underfull \hbox (badness 10000) in paragraph at lines 97--99

 []


Underfull \hbox (badness 10000) in paragraph at lines 100--101

 []


Underfull \hbox (badness 10000) in paragraph at lines 128--129

 []


Underfull \hbox (badness 10000) in paragraph at lines 135--136

 []

[4] [5]
Underfull \hbox (badness 10000) in paragraph at lines 174--176

 []


Underfull \hbox (badness 10000) in paragraph at lines 177--178

 []


Underfull \hbox (badness 10000) in paragraph at lines 200--201

 []


Underfull \hbox (badness 10000) in paragraph at lines 206--207

 []

[6]
Underfull \hbox (badness 10000) in paragraph at lines 234--236

 []


Underfull \hbox (badness 10000) in paragraph at lines 237--238

 []


Underfull \hbox (badness 10000) in paragraph at lines 260--261

 []


Underfull \hbox (badness 10000) in paragraph at lines 266--267

 []

[7] [8]
Underfull \hbox (badness 10000) in paragraph at lines 303--305

 []


Underfull \hbox (badness 10000) in paragraph at lines 306--307

 []


Underfull \hbox (badness 10000) in paragraph at lines 342--343

 []


Underfull \hbox (badness 10000) in paragraph at lines 348--349

 []

[9]
Underfull \hbox (badness 10000) in paragraph at lines 369--371

 []


Underfull \hbox (badness 10000) in paragraph at lines 384--385

 []


Underfull \hbox (badness 10000) in paragraph at lines 389--390

 []


Underfull \hbox (badness 10000) in paragraph at lines 391--392

 []


Underfull \hbox (badness 10000) in paragraph at lines 393--394

 []


Underfull \hbox (badness 10000) in paragraph at lines 395--396

 []


Underfull \hbox (badness 10000) in paragraph at lines 397--398

 []


Underfull \hbox (badness 10000) in paragraph at lines 399--400

 []

[10]
Underfull \hbox (badness 10000) in paragraph at lines 401--402

 []

[11]
Underfull \hbox (badness 10000) in paragraph at lines 413--415

 []


Underfull \hbox (badness 10000) in paragraph at lines 416--417

 []


Underfull \hbox (badness 10000) in paragraph at lines 437--438

 []


Underfull \hbox (badness 10000) in paragraph at lines 444--445

 []


Underfull \hbox (badness 10000) in paragraph at lines 452--453

 []


Underfull \hbox (badness 10000) in paragraph at lines 459--460

 []


Underfull \hbox (badness 10000) in paragraph at lines 463--464

 []

[12]
Underfull \hbox (badness 10000) in paragraph at lines 484--486

 []


Underfull \hbox (badness 10000) in paragraph at lines 487--488

 []


Underfull \hbox (badness 10000) in paragraph at lines 498--499

 []


Underfull \hbox (badness 10000) in paragraph at lines 504--505

 []


Underfull \hbox (badness 10000) in paragraph at lines 512--513

 []

[13]
Underfull \hbox (badness 10000) in paragraph at lines 529--531

 []


Underfull \hbox (badness 10000) in paragraph at lines 532--533

 []


Underfull \hbox (badness 10000) in paragraph at lines 556--557

 []


Underfull \hbox (badness 10000) in paragraph at lines 562--563

 []


Underfull \hbox (badness 10000) in paragraph at lines 569--570

 []


Underfull \hbox (badness 10000) in paragraph at lines 579--584

 []

[14]
Underfull \hbox (badness 10000) in paragraph at lines 594--596

 []


Underfull \hbox (badness 10000) in paragraph at lines 597--598

 []


Underfull \hbox (badness 10000) in paragraph at lines 608--609

 []


Underfull \hbox (badness 10000) in paragraph at lines 614--615

 []


Underfull \hbox (badness 10000) in paragraph at lines 620--621

 []

[15] [16]
Underfull \hbox (badness 10000) in paragraph at lines 659--661

 []


Underfull \hbox (badness 10000) in paragraph at lines 662--663

 []


Underfull \hbox (badness 10000) in paragraph at lines 686--687

 []


Underfull \hbox (badness 10000) in paragraph at lines 692--693

 []


Underfull \hbox (badness 10000) in paragraph at lines 698--699

 []

[17] [18]
Underfull \hbox (badness 10000) in paragraph at lines 732--734

 []


Underfull \hbox (badness 10000) in paragraph at lines 735--736

 []


Underfull \hbox (badness 10000) in paragraph at lines 755--756

 []


Underfull \hbox (badness 10000) in paragraph at lines 762--763

 []


Underfull \hbox (badness 10000) in paragraph at lines 768--769

 []

[19] [20]
Underfull \hbox (badness 10000) in paragraph at lines 803--805

 []


Underfull \hbox (badness 10000) in paragraph at lines 806--807

 []


Underfull \hbox (badness 10000) in paragraph at lines 816--817

 []


Underfull \hbox (badness 10000) in paragraph at lines 823--824

 []


Underfull \hbox (badness 10000) in paragraph at lines 829--830

 []

[21] [22]
Underfull \hbox (badness 10000) in paragraph at lines 845--847

 []


Underfull \hbox (badness 10000) in paragraph at lines 848--849

 []


Underfull \hbox (badness 10000) in paragraph at lines 853--854

 []


Underfull \hbox (badness 10000) in paragraph at lines 859--860

 []


Underfull \hbox (badness 10000) in paragraph at lines 865--866

 []

[23]
Underfull \hbox (badness 10000) in paragraph at lines 883--885

 []


Underfull \hbox (badness 10000) in paragraph at lines 892--893

 []


Underfull \hbox (badness 10000) in paragraph at lines 901--902

 []


Underfull \hbox (badness 10000) in paragraph at lines 907--908

 []


Underfull \hbox (badness 10000) in paragraph at lines 914--915

 []

[24]
Underfull \hbox (badness 10000) in paragraph at lines 927--929

 []


Underfull \hbox (badness 10000) in paragraph at lines 935--936

 []


Underfull \hbox (badness 10000) in paragraph at lines 944--945

 []


Underfull \hbox (badness 10000) in paragraph at lines 950--951

 []


Underfull \hbox (badness 10000) in paragraph at lines 957--958

 []

[25]
Underfull \hbox (badness 10000) in paragraph at lines 971--973

 []


Underfull \hbox (badness 10000) in paragraph at lines 974--975

 []


Underfull \hbox (badness 10000) in paragraph at lines 983--984

 []


Underfull \hbox (badness 10000) in paragraph at lines 990--991

 []


Underfull \hbox (badness 10000) in paragraph at lines 996--997

 []


Underfull \hbox (badness 10000) in paragraph at lines 1003--1004

 []

[26]
Underfull \hbox (badness 10000) in paragraph at lines 1016--1018

 []


Underfull \hbox (badness 10000) in paragraph at lines 1019--1020

 []


Underfull \hbox (badness 10000) in paragraph at lines 1027--1028

 []


Underfull \hbox (badness 10000) in paragraph at lines 1038--1039

 []


Underfull \hbox (badness 10000) in paragraph at lines 1045--1047

 []

[27]
Underfull \hbox (badness 10000) in paragraph at lines 1065--1066

 []


Underfull \hbox (badness 10000) in paragraph at lines 1072--1073

 []

[28] <figures/C_users.png, id=102, 614.295pt x 794.97pt>
File: figures/C_users.png Graphic file (type png)

<use figures/C_users.png>
Package pdftex.def Info: figures/C_users.png used on input line 1088.
(pdftex.def)             Requested size: 522.15321pt x 675.72769pt.


LaTeX Warning: `!h' float specifier changed to `!ht'.

<figures/classes.png, id=103, 462.528pt x 384.2355pt>
File: figures/classes.png Graphic file (type png)

<use figures/classes.png>
Package pdftex.def Info: figures/classes.png used on input line 1094.
(pdftex.def)             Requested size: 370.02289pt x 307.38881pt.

Underfull \hbox (badness 10000) in paragraph at lines 1094--1095

 []

<figures/bdd.png, id=104, 492.03825pt x 384.2355pt>
File: figures/bdd.png Graphic file (type png)
 <use figures/bdd.png>
Package pdftex.def Info: figures/bdd.png used on input line 1098.
(pdftex.def)             Requested size: 295.22522pt x 230.54308pt.

Underfull \hbox (badness 10000) in paragraph at lines 1096--1099

 []

[29 <./figures/classes.png>]
<figures/DS_moderation.png, id=109, 794.97pt x 614.295pt>
File: figures/DS_moderation.png Graphic file (type png)

<use figures/DS_moderation.png>
Package pdftex.def Info: figures/DS_moderation.png used on input line 1110.
(pdftex.def)             Requested size: 794.96806pt x 614.29349pt.

Underfull \hbox (badness 10000) in paragraph at lines 1109--1111

 []

[30 <./figures/bdd.png>] <figures/DA_admin.png, id=114, 614.295pt x 794.97pt>
File: figures/DA_admin.png Graphic file (type png)

<use figures/DA_admin.png>
Package pdftex.def Info: figures/DA_admin.png used on input line 1114.
(pdftex.def)             Requested size: 503.72516pt x 651.87962pt.

<figures/DA_inscript.png, id=115, 614.295pt x 794.97pt>
File: figures/DA_inscript.png Graphic file (type png)

<use figures/DA_inscript.png>
Package pdftex.def Info: figures/DA_inscript.png used on input line 1116.
(pdftex.def)             Requested size: 430.00356pt x 556.4752pt.

Underfull \hbox (badness 10000) in paragraph at lines 1113--1117

 []

[31 <./figures/DS_moderation.png>]
Overfull \vbox (345.26819pt too high) has occurred while \output is active []


[32 <./figures/DA_admin.png> <./figures/DA_inscript.png>]
<figures/DA_presta.png, id=126, 614.295pt x 794.97pt>
File: figures/DA_presta.png Graphic file (type png)

<use figures/DA_presta.png>
Package pdftex.def Info: figures/DA_presta.png used on input line 1118.
(pdftex.def)             Requested size: 491.43666pt x 635.97687pt.
 [33 <./figures/DA_presta.png>]
<figures/DA_prestataire.png, id=133, 794.97pt x 614.295pt>
File: figures/DA_prestataire.png Graphic file (type png)

<use figures/DA_prestataire.png>
Package pdftex.def Info: figures/DA_prestataire.png used on input line 1121.
(pdftex.def)             Requested size: 794.96806pt x 614.29349pt.

Overfull \hbox (265.2535pt too wide) in paragraph at lines 1120--1122
[]  [] 
 []


Underfull \hbox (badness 10000) in paragraph at lines 1120--1122

 []

[34 <./figures/DA_prestataire.png>] [35 <./figures/C_users.png>]
Underfull \hbox (badness 10000) in paragraph at lines 1132--1134

 []


Underfull \hbox (badness 10000) in paragraph at lines 1140--1141

 []

[36

]
*geometry* verbose mode - [ newgeometry ] result:
* driver: pdftex
* paper: letterpaper
* layout: <same size as paper>
* layoutoffset:(h,v)=(0.0pt,0.0pt)
* modes: 
* h-part:(L,W,R)=(28.45274pt, 557.38951pt, 28.45274pt)
* v-part:(T,H,B)=(14.22636pt, 766.51726pt, 14.22636pt)
* \paperwidth=614.295pt
* \paperheight=794.96999pt
* \textwidth=557.38951pt
* \textheight=766.51726pt
* \oddsidemargin=-43.81725pt
* \evensidemargin=-43.81725pt
* \topmargin=-95.04362pt
* \headheight=12.0pt
* \headsep=25.0pt
* \topskip=11.0pt
* \footskip=30.0pt
* \marginparwidth=59.0pt
* \marginparsep=10.0pt
* \columnsep=10.0pt
* \skip\footins=10.0pt plus 4.0pt minus 2.0pt
* \hoffset=0.0pt
* \voffset=0.0pt
* \mag=1000
* \@twocolumnfalse
* \@twosidefalse
* \@mparswitchfalse
* \@reversemarginfalse
* (1in=72.27pt=25.4mm, 1cm=28.453pt)

 <figures/es_accueil.png, id=147, 1282.7925pt x 604.2575pt>
File: figures/es_accueil.png Graphic file (type png)

<use figures/es_accueil.png>
Package pdftex.def Info: figures/es_accueil.png used on input line 1164.
(pdftex.def)             Requested size: 577.2513pt x 271.91336pt.

<figures/es_accueil_deco.png, id=148, 1274.7625pt x 620.3175pt>
File: figures/es_accueil_deco.png Graphic file (type png)

<use figures/es_accueil_deco.png>
Package pdftex.def Info: figures/es_accueil_deco.png used on input line 1169.
(pdftex.def)             Requested size: 573.63783pt x 279.14029pt.

Overfull \hbox (5.26172pt too wide) in paragraph at lines 1164--1170
[][]
 []

[37


 <./figures/es_accueil.png> <./figures/es_accueil_deco.png>]
<figures/es_dash.png, id=155, 1282.7925pt x 623.32875pt>
File: figures/es_dash.png Graphic file (type png)

<use figures/es_dash.png>
Package pdftex.def Info: figures/es_dash.png used on input line 1179.
(pdftex.def)             Requested size: 577.2513pt x 280.49535pt.

<figures/es_taux.png, id=156, 1281.78876pt x 502.87875pt>
File: figures/es_taux.png Graphic file (type png)

<use figures/es_taux.png>
Package pdftex.def Info: figures/es_taux.png used on input line 1183.
(pdftex.def)             Requested size: 576.7996pt x 226.29333pt.

Overfull \hbox (5.26172pt too wide) in paragraph at lines 1179--1184
[][]
 []


Overfull \hbox (1.16003pt too wide) in paragraph at lines 1179--1184
[] 
 []

[38

 <./figures/es_dash.png> <./figures/es_taux.png>]
<figures/es_modif_profil.png, id=162, 1036.87375pt x 570.13pt>
File: figures/es_modif_profil.png Graphic file (type png)

<use figures/es_modif_profil.png>
Package pdftex.def Info: figures/es_modif_profil.png used on input line 1193.
(pdftex.def)             Requested size: 466.58888pt x 256.55614pt.

<figures/es_new_admin.png, id=163, 1284.8pt x 576.1525pt>
File: figures/es_new_admin.png Graphic file (type png)

<use figures/es_new_admin.png>
Package pdftex.def Info: figures/es_new_admin.png used on input line 1197.
(pdftex.def)             Requested size: 578.15466pt x 259.26622pt.

Underfull \hbox (badness 10000) in paragraph at lines 1193--1198
[][]
 []


Overfull \hbox (2.51509pt too wide) in paragraph at lines 1193--1198
[] 
 []

[39

 <./figures/es_modif_profil.png> <./figures/es_new_admin.png>]
<figures/es_fail.png, id=169, 884.30376pt x 482.80376pt>
File: figures/es_fail.png Graphic file (type png)

<use figures/es_fail.png>
Package pdftex.def Info: figures/es_fail.png used on input line 1207.
(pdftex.def)             Requested size: 574.79063pt x 313.81873pt.

<figures/es_fail2.png, id=170, 1066.98625pt x 502.87875pt>
File: figures/es_fail2.png Graphic file (type png)

<use figures/es_fail2.png>
Package pdftex.def Info: figures/es_fail2.png used on input line 1211.
(pdftex.def)             Requested size: 586.84425pt x 276.58417pt.

Underfull \hbox (badness 10000) in paragraph at lines 1207--1212
[][]
 []


Overfull \hbox (33.10474pt too wide) in paragraph at lines 1207--1212
[] 
 []

[40

 <./figures/es_fail.png> <./figures/es_fail2.png>]
<figures/es_fail3.png, id=176, 1053.9375pt x 520.94624pt>
File: figures/es_fail3.png Graphic file (type png)

<use figures/es_fail3.png>
Package pdftex.def Info: figures/es_fail3.png used on input line 1219.
(pdftex.def)             Requested size: 579.66742pt x 286.52132pt.

<figures/es_choice.png, id=177, 1243.64626pt x 459.7175pt>
File: figures/es_choice.png Graphic file (type png)

<use figures/es_choice.png>
Package pdftex.def Info: figures/es_choice.png used on input line 1223.
(pdftex.def)             Requested size: 559.63565pt x 206.87096pt.

Overfull \hbox (4.02785pt too wide) in paragraph at lines 1219--1224
[][]
 []


Overfull \hbox (5.89613pt too wide) in paragraph at lines 1219--1224
[] 
 []

[41

 <./figures/es_fail3.png> <./figures/es_choice.png>]
<figures/es_ins_fam.png, id=183, 1271.75125pt x 551.05875pt>
File: figures/es_ins_fam.png Graphic file (type png)

<use figures/es_ins_fam.png>
Package pdftex.def Info: figures/es_ins_fam.png used on input line 1231.
(pdftex.def)             Requested size: 572.28278pt x 247.97414pt.

<figures/es_ins_etu.png, id=184, 1272.755pt x 660.4675pt>
File: figures/es_ins_etu.png Graphic file (type png)

<use figures/es_ins_etu.png>
Package pdftex.def Info: figures/es_ins_etu.png used on input line 1235.
(pdftex.def)             Requested size: 572.73447pt x 297.20763pt.

Underfull \hbox (badness 10000) in paragraph at lines 1231--1236
[][]
 []


Overfull \hbox (18.99495pt too wide) in paragraph at lines 1231--1236
[] 
 []

[42

 <./figures/es_ins_fam.png> <./figures/es_ins_etu.png>]
<figures/es_profile.png, id=190, 1279.78125pt x 726.715pt>
File: figures/es_profile.png Graphic file (type png)

<use figures/es_profile.png>
Package pdftex.def Info: figures/es_profile.png used on input line 1243.
(pdftex.def)             Requested size: 601.49728pt x 341.55609pt.

<figures/es_missions.png, id=191, 1195.46625pt x 260.975pt>
File: figures/es_missions.png Graphic file (type png)

<use figures/es_missions.png>
Package pdftex.def Info: figures/es_missions.png used on input line 1247.
(pdftex.def)             Requested size: 561.86922pt x 122.65826pt.

Overfull \hbox (25.85771pt too wide) in paragraph at lines 1243--1248
[][]
 []


Overfull \hbox (8.1297pt too wide) in paragraph at lines 1243--1248
[] 
 []

[43

 <./figures/es_profile.png> <./figures/es_missions.png>]
<figures/es_notation.png, id=198, 1277.77374pt x 679.53876pt>
File: figures/es_notation.png Graphic file (type png)

<use figures/es_notation.png>
Package pdftex.def Info: figures/es_notation.png used on input line 1255.
(pdftex.def)             Requested size: 600.55374pt x 319.38327pt.

<figures/es_etu.png, id=199, 962.59625pt x 609.27625pt>
File: figures/es_etu.png Graphic file (type png)

<use figures/es_etu.png>
Package pdftex.def Info: figures/es_etu.png used on input line 1259.
(pdftex.def)             Requested size: 452.4203pt x 286.35986pt.

Overfull \hbox (24.91417pt too wide) in paragraph at lines 1255--1260
[][]
 []

[44

 <./figures/es_notation.png> <./figures/es_etu.png>]
*geometry* verbose mode - [ newgeometry ] result:
* driver: pdftex
* paper: letterpaper
* layout: <same size as paper>
* layoutoffset:(h,v)=(0.0pt,0.0pt)
* modes: 
* h-part:(L,W,R)=(2.84544pt, 519.30437pt, 92.14519pt)
* v-part:(T,H,B)=(2.84544pt, 789.2791pt, 2.84544pt)
* \paperwidth=614.295pt
* \paperheight=794.96999pt
* \textwidth=519.30437pt
* \textheight=789.2791pt
* \oddsidemargin=-69.42455pt
* \evensidemargin=-69.42455pt
* \topmargin=-106.42455pt
* \headheight=12.0pt
* \headsep=25.0pt
* \topskip=11.0pt
* \footskip=30.0pt
* \marginparwidth=59.0pt
* \marginparsep=10.0pt
* \columnsep=10.0pt
* \skip\footins=10.0pt plus 4.0pt minus 2.0pt
* \hoffset=0.0pt
* \voffset=0.0pt
* \mag=1000
* \@twocolumnfalse
* \@twosidefalse
* \@mparswitchfalse
* \@reversemarginfalse
* (1in=72.27pt=25.4mm, 1cm=28.453pt)


<figures/gantt.png, id=205, 1766.6pt x 1365.1pt>
File: figures/gantt.png Graphic file (type png)
 <use figures/gantt.png>
Package pdftex.def Info: figures/gantt.png used on input line 1268.
(pdftex.def)             Requested size: 1766.5957pt x 1365.09668pt.

Overfull \hbox (43.72597pt too wide) in paragraph at lines 1268--1269
[][] 
 []

[45

 <./figures/gantt.png>]
Overfull \hbox (68.6905pt too wide) in paragraph at lines 1470--1470
[] \OT1/cmtt/m/n/10 <!-- On r^^Secup^^Rere les anciennes donn^^Sees enregistr^^
Sees dans la base de donn^^Sees correspondantes ^^Ra l'utilisateur -->[] 
 []


Overfull \hbox (79.19041pt too wide) in paragraph at lines 1470--1470
[]   \OT1/cmtt/m/n/10 echo("<a href='#' class='myButtonConnected'>Bonjour ". $_
SESSION['prenom'] . " ". $_SESSION['nom'] . "  </a>");[] 
 []


Overfull \hbox (16.19096pt too wide) in paragraph at lines 1470--1470
[]                    \OT1/cmtt/m/n/10 <a href="javascript:void(0);" style="fon
t-size:15px;" onclick="myFunction()">?</a>[] 
 []


Overfull \hbox (73.94046pt too wide) in paragraph at lines 1470--1470
[]                    \OT1/cmtt/m/n/10 <!-- Initialisation du bouton qui appara
it en cas de trop petite image (voir media query) -->[] 
 []

[46]
Overfull \hbox (5.69106pt too wide) in paragraph at lines 1470--1470
[]                    \OT1/cmtt/m/n/10 <!-- On g^^Rere deux cas diff^^Serents e
n fonction du type d'utilisateur car les infos[] 
 []


Overfull \hbox (47.69069pt too wide) in paragraph at lines 1470--1470
[]                    \OT1/cmtt/m/n/10 <a class="EmploiDuTemps" href="Calendrie
r/calendar_etudiant.php">Mon emploi du temps</a>[] 
 []


Overfull \hbox (37.19078pt too wide) in paragraph at lines 1470--1470
[]        \OT1/cmtt/m/n/10 <form method="post" action="ModificationBDDProfilEtu
diant.php" enctype="multipart/form-data"><br/>[] 
 []


Overfull \hbox (0.4411pt too wide) in paragraph at lines 1470--1470
[]        \OT1/cmtt/m/n/10 <input type="text" name="PrenomEtudiant" placeholder
="Prenom*" <?php echo 'value=' . '\'' .[] 
 []


Overfull \hbox (0.4411pt too wide) in paragraph at lines 1470--1470
[]        \OT1/cmtt/m/n/10 <input type="number" name="AnneeNaissance" placehold
er="Ann^^See" <?php echo 'value=' . '\'' .[] 
 []


Overfull \hbox (5.69106pt too wide) in paragraph at lines 1470--1470
[]        \OT1/cmtt/m/n/10 <input type="text" name="CodePostal" placeholder="Co
de Postal*" <?php echo 'value=' . '\'' .[] 
 []


Overfull \hbox (10.94101pt too wide) in paragraph at lines 1470--1470
[]        \OT1/cmtt/m/n/10 <input type="text" name="AdresseEtudiant" placeholde
r="Adresse*" <?php echo 'value=' . '\'' .[] 
 []


Overfull \hbox (5.69106pt too wide) in paragraph at lines 1470--1470
[]        \OT1/cmtt/m/n/10 <input type="number" name="TelephoneEtudiant" placeh
older="T^^Sel^^Sephone*" <?php echo 'value=' .[] 
 []

[47]
Overfull \hbox (0.4411pt too wide) in paragraph at lines 1470--1470
[]        \OT1/cmtt/m/n/10 <input type="hidden" name="oldImage" <?php echo 'val
ue=' . '\'' . $ancien_image . '\'' ;?>>[] 
 []


Overfull \hbox (52.94064pt too wide) in paragraph at lines 1470--1470
[]            \OT1/cmtt/m/n/10 <form method="post" action="ModificationBDDProfi
lFamille.php" enctype="multipart/form-data"><br/>[] 
 []


Overfull \hbox (5.69106pt too wide) in paragraph at lines 1470--1470
[]                \OT1/cmtt/m/n/10 <input type="text" name="NomFamille" placeho
lder="NOM*" <?php echo 'value=' . '\'' .[] 
 []


Overfull \hbox (26.69087pt too wide) in paragraph at lines 1470--1470
[]                \OT1/cmtt/m/n/10 <input type="text" name="MailFamille" placeh
older="E-mail*" <?php echo 'value=' . '\'' .[] 
 []


Overfull \hbox (47.69069pt too wide) in paragraph at lines 1470--1470
[]                \OT1/cmtt/m/n/10 <input type="text" name="CodePostal" placeho
lder="Code Postal*" <?php echo 'value=' . '\'' .[] 
 []


Overfull \hbox (47.69069pt too wide) in paragraph at lines 1470--1470
[]                \OT1/cmtt/m/n/10 <input type="text" name="AdresseFamille" pla
ceholder="Adresse*" <?php echo 'value=' . '\'' .[] 
 []


Overfull \hbox (68.6905pt too wide) in paragraph at lines 1470--1470
[]                \OT1/cmtt/m/n/10 <input type="text" name="TelephoneFamille" p
laceholder="T^^Sel^^Sephone*" <?php echo 'value=' . '\'' .[] 
 []


Overfull \hbox (10.94101pt too wide) in paragraph at lines 1470--1470
[]                \OT1/cmtt/m/n/10 <input type="number" name="NombreEnfantsFami
lle" placeholder="Nombre d'enfants" <?php[] 
 []

[48]
Overfull \hbox (42.44073pt too wide) in paragraph at lines 1470--1470
[]                \OT1/cmtt/m/n/10 <input type="hidden" name="oldImage" <?php e
cho 'value=' . '\'' . $ancien_image . '\'' ;?>>[] 
 []

Package minitoc Info: I0009
(minitoc)             Listing minitoc auxiliary files. 
(minitoc)             Creating the rapport.maf file.
\openout3 = `rapport.maf'.


Package minitoc(hints) Warning: W0049
(minitoc(hints))                You have attempted to insert 
(minitoc(hints))                empty secttocs.


Package minitoc(hints) Warning: W0024
(minitoc(hints))                Some hints have been written 
(minitoc(hints))                in the rapport.log file.

[49] (./rapport.aux)

LaTeX Warning: There were multiply-defined labels.

 ) 
Here is how much of TeX's memory you used:
 6343 strings out of 493089
 94255 string characters out of 6134842
 197220 words of memory out of 5000000
 9508 multiletter control sequences out of 15000+600000
 14785 words of font info for 57 fonts, out of 8000000 for 9000
 1141 hyphenation exceptions out of 8191
 44i,9n,47p,694b,439s stack positions out of 5000i,500n,10000p,200000b,80000s
</usr/local/texlive/2015/texmf-dist/fonts/type1/public/amsfonts/cm/cmbx10.pfb
></usr/local/texlive/2015/texmf-dist/fonts/type1/public/amsfonts/cm/cmbx12.pfb>
</usr/local/texlive/2015/texmf-dist/fonts/type1/public/amsfonts/cm/cmbxti10.pfb
></usr/local/texlive/2015/texmf-dist/fonts/type1/public/amsfonts/cm/cmcsc10.pfb
></usr/local/texlive/2015/texmf-dist/fonts/type1/public/amsfonts/cm/cmmi10.pfb>
</usr/local/texlive/2015/texmf-dist/fonts/type1/public/amsfonts/cm/cmr10.pfb></
usr/local/texlive/2015/texmf-dist/fonts/type1/public/amsfonts/cm/cmr12.pfb></us
r/local/texlive/2015/texmf-dist/fonts/type1/public/amsfonts/cm/cmr17.pfb></usr/
local/texlive/2015/texmf-dist/fonts/type1/public/amsfonts/cm/cmr7.pfb></usr/loc
al/texlive/2015/texmf-dist/fonts/type1/public/amsfonts/cm/cmr9.pfb></usr/local/
texlive/2015/texmf-dist/fonts/type1/public/amsfonts/cm/cmsy10.pfb></usr/local/t
exlive/2015/texmf-dist/fonts/type1/public/amsfonts/cm/cmsy7.pfb></usr/local/tex
live/2015/texmf-dist/fonts/type1/public/amsfonts/cm/cmtt10.pfb>
Output written on rapport.pdf (49 pages, 3951845 bytes).
PDF statistics:
 269 PDF objects out of 1000 (max. 8388607)
 151 compressed objects within 2 object streams
 0 named destinations out of 1000 (max. 500000)
 131 words of extra memory for PDF output out of 10000 (max. 10000000)

